<?xml version="1.0" encoding="UTF-8"?>
<!-- Generated by org.testng.reporters.JUnitXMLReporter -->
<testsuite hostname="PF2QZN3Y" ignored="0" name="Sample Test" tests="3" failures="0" timestamp="2022-07-07T21:38:12 IST" time="26.26" errors="0">
  <testcase name="verifyTitleIsAsExpected" time="0.094" classname="com.tests.AmazonTest"/>
  <testcase name="verifyLogoIsDisplayed" time="0.424" classname="com.tests.AmazonTest"/>
  <testcase name="SearchTest" time="3.306" classname="com.tests.AmazonTest"/>
</testsuite> <!-- Sample Test -->
